0 info it worked if it ends with ok
1 verbose cli [ '/usr/local/bin/node',
1 verbose cli   '/Users/justin/.npm-packages/bin/npm',
1 verbose cli   'start' ]
2 info using npm@4.0.2
3 info using node@v6.11.3
4 verbose run-script [ 'prestart', 'start', 'poststart' ]
5 info lifecycle tabcycle@1.0.0~prestart: tabcycle@1.0.0
6 silly lifecycle tabcycle@1.0.0~prestart: no script for prestart, continuing
7 info lifecycle tabcycle@1.0.0~start: tabcycle@1.0.0
8 verbose lifecycle tabcycle@1.0.0~start: unsafe-perm in lifecycle true
9 verbose lifecycle tabcycle@1.0.0~start: PATH: /Users/justin/.npm-packages/lib/node_modules/npm/bin/node-gyp-bin:/Users/Justin/github/chrome/tabcycle/node_modules/.bin:/Library/Frameworks/Python.framework/Versions/2.7/bin:/Users/justin/.npm-packages/bin:/usr/local/bin:/usr/local/sbin:/usr/local/bin:/usr/bin:/bin:/usr/sbin:/sbin:/usr/local/git/bin:/Library/Frameworks/Python.framework/Versions/2.7/bin:/Users/justin/.npm-packages/bin:/usr/local/sbin:/Users/justin/bin:/Users/Justin/bin:/Applications/XAMPP/xamppfiles/bin:.:/Users/justin/.rvm/bin:/Users/justin/bin:/Users/Justin/bin:/Applications/XAMPP/xamppfiles/bin:/usr/local/bin:/usr/local/git/bin:.:/Users/justin/.rvm/bin
10 verbose lifecycle tabcycle@1.0.0~start: CWD: /Users/Justin/github/chrome/tabcycle
11 silly lifecycle tabcycle@1.0.0~start: Args: [ '-c', 'webpack' ]
12 silly lifecycle tabcycle@1.0.0~start: Returned: code: 1  signal: null
13 info lifecycle tabcycle@1.0.0~start: Failed to exec start script
14 verbose stack Error: tabcycle@1.0.0 start: `webpack`
14 verbose stack Exit status 1
14 verbose stack     at EventEmitter.<anonymous> (/Users/justin/.npm-packages/lib/node_modules/npm/lib/utils/lifecycle.js:279:16)
14 verbose stack     at emitTwo (events.js:106:13)
14 verbose stack     at EventEmitter.emit (events.js:191:7)
14 verbose stack     at ChildProcess.<anonymous> (/Users/justin/.npm-packages/lib/node_modules/npm/lib/utils/spawn.js:40:14)
14 verbose stack     at emitTwo (events.js:106:13)
14 verbose stack     at ChildProcess.emit (events.js:191:7)
14 verbose stack     at maybeClose (internal/child_process.js:920:16)
14 verbose stack     at Process.ChildProcess._handle.onexit (internal/child_process.js:230:5)
15 verbose pkgid tabcycle@1.0.0
16 verbose cwd /Users/Justin/github/chrome/tabcycle
17 error Darwin 15.6.0
18 error argv "/usr/local/bin/node" "/Users/justin/.npm-packages/bin/npm" "start"
19 error node v6.11.3
20 error npm  v4.0.2
21 error code ELIFECYCLE
22 error tabcycle@1.0.0 start: `webpack`
22 error Exit status 1
23 error Failed at the tabcycle@1.0.0 start script 'webpack'.
23 error Make sure you have the latest version of node.js and npm installed.
23 error If you do, this is most likely a problem with the tabcycle package,
23 error not with npm itself.
23 error Tell the author that this fails on your system:
23 error     webpack
23 error You can get information on how to open an issue for this project with:
23 error     npm bugs tabcycle
23 error Or if that isn't available, you can get their info via:
23 error     npm owner ls tabcycle
23 error There is likely additional logging output above.
24 verbose exit [ 1, true ]
